2020-11-19 13:03:02,792 ----------------------------------------------------------------------------------------------------
2020-11-19 13:03:02,792 Model: "SequenceTagger(
  (embeddings): StackedEmbeddings(
    (list_embedding_0): WordEmbeddings('glove')
  )
  (word_dropout): WordDropout(p=0.05)
  (locked_dropout): LockedDropout(p=0.5)
  (embedding2nn): Linear(in_features=100, out_features=100, bias=True)
  (rnn): LSTM(100, 256, batch_first=True, bidirectional=True)
  (linear): Linear(in_features=512, out_features=6, bias=True)
  (beta): 1.0
  (weights): None
  (weight_tensor) None
)"
2020-11-19 13:03:02,792 ----------------------------------------------------------------------------------------------------
2020-11-19 13:03:02,792 Corpus: "Corpus: 7996 train + 2092 dev + 1579 test sentences"
2020-11-19 13:03:02,792 ----------------------------------------------------------------------------------------------------
2020-11-19 13:03:02,792 Parameters:
2020-11-19 13:03:02,792  - learning_rate: "0.1"
2020-11-19 13:03:02,792  - mini_batch_size: "32"
2020-11-19 13:03:02,792  - patience: "3"
2020-11-19 13:03:02,792  - anneal_factor: "0.5"
2020-11-19 13:03:02,792  - max_epochs: "50"
2020-11-19 13:03:02,792  - shuffle: "True"
2020-11-19 13:03:02,792  - train_with_dev: "False"
2020-11-19 13:03:02,792  - batch_growth_annealing: "False"
2020-11-19 13:03:02,802 ----------------------------------------------------------------------------------------------------
2020-11-19 13:03:02,802 Model training base path: "resources\taggers\example-pos"
2020-11-19 13:03:02,802 ----------------------------------------------------------------------------------------------------
2020-11-19 13:03:02,802 Device: cuda:0
2020-11-19 13:03:02,802 ----------------------------------------------------------------------------------------------------
2020-11-19 13:03:02,802 Embeddings storage mode: cpu
2020-11-19 13:03:02,802 ----------------------------------------------------------------------------------------------------
2020-11-19 13:03:07,146 epoch 1 - iter 25/250 - loss 8.51545300 - samples/sec: 184.17 - lr: 0.100000
2020-11-19 13:03:10,959 epoch 1 - iter 50/250 - loss 7.32331351 - samples/sec: 209.84 - lr: 0.100000
2020-11-19 13:03:14,923 epoch 1 - iter 75/250 - loss 6.72974901 - samples/sec: 201.77 - lr: 0.100000
2020-11-19 13:03:18,993 epoch 1 - iter 100/250 - loss 6.38681904 - samples/sec: 197.05 - lr: 0.100000
2020-11-19 13:03:22,791 epoch 1 - iter 125/250 - loss 6.13690499 - samples/sec: 211.23 - lr: 0.100000
2020-11-19 13:03:26,502 epoch 1 - iter 150/250 - loss 5.96334641 - samples/sec: 216.16 - lr: 0.100000
2020-11-19 13:03:30,219 epoch 1 - iter 175/250 - loss 5.81073213 - samples/sec: 215.20 - lr: 0.100000
2020-11-19 13:03:34,370 epoch 1 - iter 200/250 - loss 5.73068570 - samples/sec: 192.72 - lr: 0.100000
2020-11-19 13:03:38,241 epoch 1 - iter 225/250 - loss 5.61108380 - samples/sec: 207.22 - lr: 0.100000
2020-11-19 13:03:42,641 epoch 1 - iter 250/250 - loss 5.54048921 - samples/sec: 182.24 - lr: 0.100000
2020-11-19 13:03:42,641 ----------------------------------------------------------------------------------------------------
2020-11-19 13:03:42,641 EPOCH 1 done: loss 5.5405 - lr 0.1000000
2020-11-19 13:03:50,492 DEV : loss 4.242084980010986 - score 0.9506
2020-11-19 13:03:50,560 BAD EPOCHS (no improvement): 0
2020-11-19 13:03:53,111 ----------------------------------------------------------------------------------------------------
2020-11-19 13:03:56,256 epoch 2 - iter 25/250 - loss 4.91514429 - samples/sec: 254.34 - lr: 0.100000
2020-11-19 13:03:59,326 epoch 2 - iter 50/250 - loss 4.78495356 - samples/sec: 261.46 - lr: 0.100000
2020-11-19 13:04:02,707 epoch 2 - iter 75/250 - loss 4.79371083 - samples/sec: 236.61 - lr: 0.100000
2020-11-19 13:04:05,837 epoch 2 - iter 100/250 - loss 4.67278868 - samples/sec: 255.54 - lr: 0.100000
2020-11-19 13:04:09,306 epoch 2 - iter 125/250 - loss 4.60273184 - samples/sec: 231.30 - lr: 0.100000
2020-11-19 13:04:12,659 epoch 2 - iter 150/250 - loss 4.58500884 - samples/sec: 239.32 - lr: 0.100000
2020-11-19 13:04:15,909 epoch 2 - iter 175/250 - loss 4.52285444 - samples/sec: 246.17 - lr: 0.100000
2020-11-19 13:04:19,090 epoch 2 - iter 200/250 - loss 4.49325850 - samples/sec: 251.47 - lr: 0.100000
2020-11-19 13:04:22,309 epoch 2 - iter 225/250 - loss 4.46378298 - samples/sec: 248.55 - lr: 0.100000
2020-11-19 13:04:25,520 epoch 2 - iter 250/250 - loss 4.43932369 - samples/sec: 249.14 - lr: 0.100000
2020-11-19 13:04:25,520 ----------------------------------------------------------------------------------------------------
2020-11-19 13:04:25,520 EPOCH 2 done: loss 4.4393 - lr 0.1000000
2020-11-19 13:04:31,144 DEV : loss 3.4544708728790283 - score 0.9556
2020-11-19 13:04:31,213 BAD EPOCHS (no improvement): 0
2020-11-19 13:04:34,370 ----------------------------------------------------------------------------------------------------
2020-11-19 13:04:38,111 epoch 3 - iter 25/250 - loss 4.42012171 - samples/sec: 213.82 - lr: 0.100000
2020-11-19 13:04:41,119 epoch 3 - iter 50/250 - loss 4.24914185 - samples/sec: 265.99 - lr: 0.100000
2020-11-19 13:04:44,399 epoch 3 - iter 75/250 - loss 4.22529693 - samples/sec: 243.87 - lr: 0.100000
2020-11-19 13:04:47,640 epoch 3 - iter 100/250 - loss 4.23626112 - samples/sec: 247.63 - lr: 0.100000
2020-11-19 13:04:51,029 epoch 3 - iter 125/250 - loss 4.25274262 - samples/sec: 236.08 - lr: 0.100000
2020-11-19 13:04:54,157 epoch 3 - iter 150/250 - loss 4.25824984 - samples/sec: 255.72 - lr: 0.100000
2020-11-19 13:04:57,288 epoch 3 - iter 175/250 - loss 4.23438931 - samples/sec: 255.54 - lr: 0.100000
2020-11-19 13:05:00,428 epoch 3 - iter 200/250 - loss 4.22873447 - samples/sec: 254.71 - lr: 0.100000
2020-11-19 13:05:03,815 epoch 3 - iter 225/250 - loss 4.22876774 - samples/sec: 236.25 - lr: 0.100000
2020-11-19 13:05:07,006 epoch 3 - iter 250/250 - loss 4.22654484 - samples/sec: 250.72 - lr: 0.100000
2020-11-19 13:05:07,006 ----------------------------------------------------------------------------------------------------
2020-11-19 13:05:07,006 EPOCH 3 done: loss 4.2265 - lr 0.1000000
2020-11-19 13:05:12,576 DEV : loss 3.3739895820617676 - score 0.9527
2020-11-19 13:05:12,642 BAD EPOCHS (no improvement): 1
2020-11-19 13:05:12,642 ----------------------------------------------------------------------------------------------------
2020-11-19 13:05:15,819 epoch 4 - iter 25/250 - loss 3.94034797 - samples/sec: 252.60 - lr: 0.100000
2020-11-19 13:05:19,199 epoch 4 - iter 50/250 - loss 4.12231205 - samples/sec: 236.66 - lr: 0.100000
2020-11-19 13:05:22,379 epoch 4 - iter 75/250 - loss 4.09624999 - samples/sec: 251.61 - lr: 0.100000
2020-11-19 13:05:25,325 epoch 4 - iter 100/250 - loss 4.08362735 - samples/sec: 271.55 - lr: 0.100000
2020-11-19 13:05:28,535 epoch 4 - iter 125/250 - loss 4.09511838 - samples/sec: 249.18 - lr: 0.100000
2020-11-19 13:05:32,026 epoch 4 - iter 150/250 - loss 4.07313646 - samples/sec: 229.19 - lr: 0.100000
2020-11-19 13:05:35,427 epoch 4 - iter 175/250 - loss 4.02763012 - samples/sec: 235.23 - lr: 0.100000
2020-11-19 13:05:38,568 epoch 4 - iter 200/250 - loss 4.02244416 - samples/sec: 254.71 - lr: 0.100000
2020-11-19 13:05:41,778 epoch 4 - iter 225/250 - loss 4.04482653 - samples/sec: 249.16 - lr: 0.100000
2020-11-19 13:05:44,959 epoch 4 - iter 250/250 - loss 4.03738261 - samples/sec: 252.33 - lr: 0.100000
2020-11-19 13:05:44,959 ----------------------------------------------------------------------------------------------------
2020-11-19 13:05:44,959 EPOCH 4 done: loss 4.0374 - lr 0.1000000
2020-11-19 13:05:51,336 DEV : loss 3.2287330627441406 - score 0.9562
2020-11-19 13:05:51,406 BAD EPOCHS (no improvement): 0
2020-11-19 13:05:53,951 ----------------------------------------------------------------------------------------------------
2020-11-19 13:05:57,221 epoch 5 - iter 25/250 - loss 4.05131511 - samples/sec: 244.61 - lr: 0.100000
2020-11-19 13:06:00,239 epoch 5 - iter 50/250 - loss 3.88005019 - samples/sec: 265.09 - lr: 0.100000
2020-11-19 13:06:03,359 epoch 5 - iter 75/250 - loss 3.85155928 - samples/sec: 256.40 - lr: 0.100000
2020-11-19 13:06:06,544 epoch 5 - iter 100/250 - loss 3.91039004 - samples/sec: 251.18 - lr: 0.100000
2020-11-19 13:06:09,759 epoch 5 - iter 125/250 - loss 3.92122342 - samples/sec: 248.81 - lr: 0.100000
2020-11-19 13:06:13,037 epoch 5 - iter 150/250 - loss 3.90858571 - samples/sec: 244.81 - lr: 0.100000
2020-11-19 13:06:16,715 epoch 5 - iter 175/250 - loss 3.91785789 - samples/sec: 217.53 - lr: 0.100000
2020-11-19 13:06:20,035 epoch 5 - iter 200/250 - loss 3.89523605 - samples/sec: 240.94 - lr: 0.100000
2020-11-19 13:06:23,310 epoch 5 - iter 225/250 - loss 3.88638463 - samples/sec: 245.04 - lr: 0.100000
2020-11-19 13:06:26,561 epoch 5 - iter 250/250 - loss 3.87988234 - samples/sec: 246.09 - lr: 0.100000
2020-11-19 13:06:26,561 ----------------------------------------------------------------------------------------------------
2020-11-19 13:06:26,561 EPOCH 5 done: loss 3.8799 - lr 0.1000000
2020-11-19 13:06:32,167 DEV : loss 3.1589064598083496 - score 0.9574
2020-11-19 13:06:32,239 BAD EPOCHS (no improvement): 0
2020-11-19 13:06:35,458 ----------------------------------------------------------------------------------------------------
2020-11-19 13:06:38,502 epoch 6 - iter 25/250 - loss 3.80646071 - samples/sec: 262.81 - lr: 0.100000
2020-11-19 13:06:41,729 epoch 6 - iter 50/250 - loss 3.73552166 - samples/sec: 247.97 - lr: 0.100000
2020-11-19 13:06:45,616 epoch 6 - iter 75/250 - loss 3.79235530 - samples/sec: 205.78 - lr: 0.100000
2020-11-19 13:06:48,837 epoch 6 - iter 100/250 - loss 3.78230309 - samples/sec: 248.40 - lr: 0.100000
2020-11-19 13:06:51,962 epoch 6 - iter 125/250 - loss 3.76951190 - samples/sec: 256.79 - lr: 0.100000
2020-11-19 13:06:54,883 epoch 6 - iter 150/250 - loss 3.75562613 - samples/sec: 274.80 - lr: 0.100000
2020-11-19 13:06:58,282 epoch 6 - iter 175/250 - loss 3.77664120 - samples/sec: 235.36 - lr: 0.100000
2020-11-19 13:07:01,410 epoch 6 - iter 200/250 - loss 3.78668024 - samples/sec: 255.75 - lr: 0.100000
2020-11-19 13:07:04,761 epoch 6 - iter 225/250 - loss 3.77963147 - samples/sec: 238.75 - lr: 0.100000
2020-11-19 13:07:08,259 epoch 6 - iter 250/250 - loss 3.81100761 - samples/sec: 228.73 - lr: 0.100000
2020-11-19 13:07:08,269 ----------------------------------------------------------------------------------------------------
2020-11-19 13:07:08,269 EPOCH 6 done: loss 3.8110 - lr 0.1000000
2020-11-19 13:07:14,144 DEV : loss 3.099088668823242 - score 0.9567
2020-11-19 13:07:14,212 BAD EPOCHS (no improvement): 1
2020-11-19 13:07:14,212 ----------------------------------------------------------------------------------------------------
2020-11-19 13:07:17,418 epoch 7 - iter 25/250 - loss 3.72925809 - samples/sec: 250.32 - lr: 0.100000
2020-11-19 13:07:20,692 epoch 7 - iter 50/250 - loss 3.88523571 - samples/sec: 244.38 - lr: 0.100000
2020-11-19 13:07:23,921 epoch 7 - iter 75/250 - loss 3.83457157 - samples/sec: 248.49 - lr: 0.100000
2020-11-19 13:07:27,205 epoch 7 - iter 100/250 - loss 3.78373861 - samples/sec: 243.60 - lr: 0.100000
2020-11-19 13:07:30,476 epoch 7 - iter 125/250 - loss 3.83732058 - samples/sec: 244.59 - lr: 0.100000
2020-11-19 13:07:33,865 epoch 7 - iter 150/250 - loss 3.77991425 - samples/sec: 236.08 - lr: 0.100000
2020-11-19 13:07:37,055 epoch 7 - iter 175/250 - loss 3.77076784 - samples/sec: 250.78 - lr: 0.100000
2020-11-19 13:07:40,356 epoch 7 - iter 200/250 - loss 3.76446110 - samples/sec: 242.35 - lr: 0.100000
2020-11-19 13:07:43,587 epoch 7 - iter 225/250 - loss 3.73805941 - samples/sec: 247.61 - lr: 0.100000
2020-11-19 13:07:46,767 epoch 7 - iter 250/250 - loss 3.70522099 - samples/sec: 252.33 - lr: 0.100000
2020-11-19 13:07:46,767 ----------------------------------------------------------------------------------------------------
2020-11-19 13:07:46,767 EPOCH 7 done: loss 3.7052 - lr 0.1000000
2020-11-19 13:07:52,345 DEV : loss 2.8477814197540283 - score 0.9585
2020-11-19 13:07:52,413 BAD EPOCHS (no improvement): 0
2020-11-19 13:07:54,900 ----------------------------------------------------------------------------------------------------
2020-11-19 13:07:58,130 epoch 8 - iter 25/250 - loss 3.66294339 - samples/sec: 248.39 - lr: 0.100000
2020-11-19 13:08:01,460 epoch 8 - iter 50/250 - loss 3.63937773 - samples/sec: 240.24 - lr: 0.100000
2020-11-19 13:08:04,860 epoch 8 - iter 75/250 - loss 3.70813639 - samples/sec: 235.35 - lr: 0.100000
2020-11-19 13:08:08,116 epoch 8 - iter 100/250 - loss 3.66393295 - samples/sec: 245.66 - lr: 0.100000
2020-11-19 13:08:11,300 epoch 8 - iter 125/250 - loss 3.63257825 - samples/sec: 251.28 - lr: 0.100000
2020-11-19 13:08:14,657 epoch 8 - iter 150/250 - loss 3.65385437 - samples/sec: 238.28 - lr: 0.100000
2020-11-19 13:08:17,996 epoch 8 - iter 175/250 - loss 3.61745743 - samples/sec: 239.57 - lr: 0.100000
2020-11-19 13:08:21,057 epoch 8 - iter 200/250 - loss 3.59874979 - samples/sec: 261.36 - lr: 0.100000
2020-11-19 13:08:24,138 epoch 8 - iter 225/250 - loss 3.57639026 - samples/sec: 260.56 - lr: 0.100000
2020-11-19 13:08:27,548 epoch 8 - iter 250/250 - loss 3.58657789 - samples/sec: 234.56 - lr: 0.100000
2020-11-19 13:08:27,548 ----------------------------------------------------------------------------------------------------
2020-11-19 13:08:27,548 EPOCH 8 done: loss 3.5866 - lr 0.1000000
2020-11-19 13:08:33,139 DEV : loss 2.928978681564331 - score 0.959
2020-11-19 13:08:33,207 BAD EPOCHS (no improvement): 0
2020-11-19 13:08:36,537 ----------------------------------------------------------------------------------------------------
2020-11-19 13:08:39,936 epoch 9 - iter 25/250 - loss 3.54120661 - samples/sec: 235.34 - lr: 0.100000
2020-11-19 13:08:43,177 epoch 9 - iter 50/250 - loss 3.54376977 - samples/sec: 246.87 - lr: 0.100000
2020-11-19 13:08:46,487 epoch 9 - iter 75/250 - loss 3.61299632 - samples/sec: 241.67 - lr: 0.100000
2020-11-19 13:08:49,827 epoch 9 - iter 100/250 - loss 3.57327413 - samples/sec: 240.25 - lr: 0.100000
2020-11-19 13:08:52,897 epoch 9 - iter 125/250 - loss 3.60572434 - samples/sec: 260.58 - lr: 0.100000
2020-11-19 13:08:55,888 epoch 9 - iter 150/250 - loss 3.58497798 - samples/sec: 267.48 - lr: 0.100000
2020-11-19 13:08:59,255 epoch 9 - iter 175/250 - loss 3.57185763 - samples/sec: 238.30 - lr: 0.100000
2020-11-19 13:09:02,536 epoch 9 - iter 200/250 - loss 3.53663881 - samples/sec: 243.83 - lr: 0.100000
2020-11-19 13:09:05,691 epoch 9 - iter 225/250 - loss 3.52052219 - samples/sec: 253.59 - lr: 0.100000
2020-11-19 13:09:09,273 epoch 9 - iter 250/250 - loss 3.52030076 - samples/sec: 223.30 - lr: 0.100000
2020-11-19 13:09:09,273 ----------------------------------------------------------------------------------------------------
2020-11-19 13:09:09,273 EPOCH 9 done: loss 3.5203 - lr 0.1000000
2020-11-19 13:09:15,350 DEV : loss 2.6670784950256348 - score 0.9615
2020-11-19 13:09:15,418 BAD EPOCHS (no improvement): 0
2020-11-19 13:09:18,063 ----------------------------------------------------------------------------------------------------
2020-11-19 13:09:21,129 epoch 10 - iter 25/250 - loss 3.48985885 - samples/sec: 260.96 - lr: 0.100000
2020-11-19 13:09:24,169 epoch 10 - iter 50/250 - loss 3.39988515 - samples/sec: 263.12 - lr: 0.100000
2020-11-19 13:09:27,369 epoch 10 - iter 75/250 - loss 3.36716454 - samples/sec: 250.01 - lr: 0.100000
2020-11-19 13:09:30,859 epoch 10 - iter 100/250 - loss 3.44264298 - samples/sec: 229.23 - lr: 0.100000
2020-11-19 13:09:34,380 epoch 10 - iter 125/250 - loss 3.44597350 - samples/sec: 227.22 - lr: 0.100000
2020-11-19 13:09:37,599 epoch 10 - iter 150/250 - loss 3.45620475 - samples/sec: 248.49 - lr: 0.100000
2020-11-19 13:09:40,709 epoch 10 - iter 175/250 - loss 3.46905351 - samples/sec: 257.26 - lr: 0.100000
2020-11-19 13:09:43,900 epoch 10 - iter 200/250 - loss 3.44232598 - samples/sec: 250.72 - lr: 0.100000
2020-11-19 13:09:47,319 epoch 10 - iter 225/250 - loss 3.45059106 - samples/sec: 233.95 - lr: 0.100000
2020-11-19 13:09:50,380 epoch 10 - iter 250/250 - loss 3.43471075 - samples/sec: 261.35 - lr: 0.100000
2020-11-19 13:09:50,380 ----------------------------------------------------------------------------------------------------
2020-11-19 13:09:50,380 EPOCH 10 done: loss 3.4347 - lr 0.1000000
2020-11-19 13:09:55,990 DEV : loss 2.7050282955169678 - score 0.9605
2020-11-19 13:09:56,058 BAD EPOCHS (no improvement): 1
2020-11-19 13:09:56,058 ----------------------------------------------------------------------------------------------------
2020-11-19 13:09:59,559 epoch 11 - iter 25/250 - loss 3.67453681 - samples/sec: 228.51 - lr: 0.100000
2020-11-19 13:10:02,834 epoch 11 - iter 50/250 - loss 3.39090793 - samples/sec: 244.26 - lr: 0.100000
2020-11-19 13:10:05,934 epoch 11 - iter 75/250 - loss 3.33844957 - samples/sec: 258.86 - lr: 0.100000
2020-11-19 13:10:09,507 epoch 11 - iter 100/250 - loss 3.39327538 - samples/sec: 223.96 - lr: 0.100000
2020-11-19 13:10:12,882 epoch 11 - iter 125/250 - loss 3.42374160 - samples/sec: 237.01 - lr: 0.100000
2020-11-19 13:10:15,898 epoch 11 - iter 150/250 - loss 3.44639040 - samples/sec: 265.21 - lr: 0.100000
2020-11-19 13:10:19,218 epoch 11 - iter 175/250 - loss 3.41076808 - samples/sec: 241.70 - lr: 0.100000
2020-11-19 13:10:22,609 epoch 11 - iter 200/250 - loss 3.42750972 - samples/sec: 235.96 - lr: 0.100000
2020-11-19 13:10:25,816 epoch 11 - iter 225/250 - loss 3.40592989 - samples/sec: 249.39 - lr: 0.100000
2020-11-19 13:10:29,025 epoch 11 - iter 250/250 - loss 3.38230639 - samples/sec: 249.30 - lr: 0.100000
2020-11-19 13:10:29,025 ----------------------------------------------------------------------------------------------------
2020-11-19 13:10:29,025 EPOCH 11 done: loss 3.3823 - lr 0.1000000
2020-11-19 13:10:34,683 DEV : loss 2.8638014793395996 - score 0.961
2020-11-19 13:10:34,751 BAD EPOCHS (no improvement): 2
2020-11-19 13:10:34,751 ----------------------------------------------------------------------------------------------------
2020-11-19 13:10:37,993 epoch 12 - iter 25/250 - loss 3.05530596 - samples/sec: 246.82 - lr: 0.100000
2020-11-19 13:10:41,409 epoch 12 - iter 50/250 - loss 3.18542931 - samples/sec: 234.20 - lr: 0.100000
2020-11-19 13:10:44,450 epoch 12 - iter 75/250 - loss 3.18630596 - samples/sec: 263.89 - lr: 0.100000
2020-11-19 13:10:47,760 epoch 12 - iter 100/250 - loss 3.24846697 - samples/sec: 241.71 - lr: 0.100000
2020-11-19 13:10:51,204 epoch 12 - iter 125/250 - loss 3.29202752 - samples/sec: 232.25 - lr: 0.100000
2020-11-19 13:10:54,541 epoch 12 - iter 150/250 - loss 3.26912756 - samples/sec: 240.50 - lr: 0.100000
2020-11-19 13:10:57,689 epoch 12 - iter 175/250 - loss 3.27293412 - samples/sec: 254.08 - lr: 0.100000
2020-11-19 13:11:00,889 epoch 12 - iter 200/250 - loss 3.27003365 - samples/sec: 250.12 - lr: 0.100000
2020-11-19 13:11:03,989 epoch 12 - iter 225/250 - loss 3.27881947 - samples/sec: 258.02 - lr: 0.100000
2020-11-19 13:11:07,383 epoch 12 - iter 250/250 - loss 3.29977993 - samples/sec: 235.74 - lr: 0.100000
2020-11-19 13:11:07,383 ----------------------------------------------------------------------------------------------------
2020-11-19 13:11:07,383 EPOCH 12 done: loss 3.2998 - lr 0.1000000
2020-11-19 13:11:13,060 DEV : loss 2.513911247253418 - score 0.9656
2020-11-19 13:11:13,130 BAD EPOCHS (no improvement): 0
2020-11-19 13:11:16,342 ----------------------------------------------------------------------------------------------------
2020-11-19 13:11:19,941 epoch 13 - iter 25/250 - loss 3.33791722 - samples/sec: 222.28 - lr: 0.100000
2020-11-19 13:11:22,959 epoch 13 - iter 50/250 - loss 3.28228671 - samples/sec: 265.12 - lr: 0.100000
2020-11-19 13:11:26,035 epoch 13 - iter 75/250 - loss 3.20498957 - samples/sec: 260.92 - lr: 0.100000
2020-11-19 13:11:29,225 epoch 13 - iter 100/250 - loss 3.22421077 - samples/sec: 250.72 - lr: 0.100000
2020-11-19 13:11:32,666 epoch 13 - iter 125/250 - loss 3.20516139 - samples/sec: 232.50 - lr: 0.100000
2020-11-19 13:11:35,958 epoch 13 - iter 150/250 - loss 3.18572459 - samples/sec: 243.06 - lr: 0.100000
2020-11-19 13:11:39,495 epoch 13 - iter 175/250 - loss 3.18769752 - samples/sec: 226.20 - lr: 0.100000
2020-11-19 13:11:42,768 epoch 13 - iter 200/250 - loss 3.20374866 - samples/sec: 244.48 - lr: 0.100000
2020-11-19 13:11:46,530 epoch 13 - iter 225/250 - loss 3.24043423 - samples/sec: 213.18 - lr: 0.100000
2020-11-19 13:11:50,143 epoch 13 - iter 250/250 - loss 3.24201818 - samples/sec: 221.46 - lr: 0.100000
2020-11-19 13:11:50,153 ----------------------------------------------------------------------------------------------------
2020-11-19 13:11:50,153 EPOCH 13 done: loss 3.2420 - lr 0.1000000
2020-11-19 13:11:55,731 DEV : loss 2.4848783016204834 - score 0.9654
2020-11-19 13:11:55,801 BAD EPOCHS (no improvement): 1
2020-11-19 13:11:55,801 ----------------------------------------------------------------------------------------------------
2020-11-19 13:11:59,247 epoch 14 - iter 25/250 - loss 3.34250467 - samples/sec: 232.14 - lr: 0.100000
2020-11-19 13:12:02,813 epoch 14 - iter 50/250 - loss 3.19684028 - samples/sec: 224.35 - lr: 0.100000
2020-11-19 13:12:05,919 epoch 14 - iter 75/250 - loss 3.18775697 - samples/sec: 257.61 - lr: 0.100000
2020-11-19 13:12:09,144 epoch 14 - iter 100/250 - loss 3.21596206 - samples/sec: 248.04 - lr: 0.100000
2020-11-19 13:12:12,416 epoch 14 - iter 125/250 - loss 3.18001740 - samples/sec: 245.27 - lr: 0.100000
2020-11-19 13:12:15,531 epoch 14 - iter 150/250 - loss 3.17549389 - samples/sec: 256.82 - lr: 0.100000
2020-11-19 13:12:18,831 epoch 14 - iter 175/250 - loss 3.19801899 - samples/sec: 242.39 - lr: 0.100000
2020-11-19 13:12:22,039 epoch 14 - iter 200/250 - loss 3.22088785 - samples/sec: 249.42 - lr: 0.100000
2020-11-19 13:12:25,374 epoch 14 - iter 225/250 - loss 3.22630202 - samples/sec: 239.84 - lr: 0.100000
2020-11-19 13:12:28,365 epoch 14 - iter 250/250 - loss 3.20846131 - samples/sec: 267.49 - lr: 0.100000
2020-11-19 13:12:28,365 ----------------------------------------------------------------------------------------------------
2020-11-19 13:12:28,365 EPOCH 14 done: loss 3.2085 - lr 0.1000000
2020-11-19 13:12:34,405 DEV : loss 2.4238970279693604 - score 0.966
2020-11-19 13:12:34,474 BAD EPOCHS (no improvement): 0
2020-11-19 13:12:36,982 ----------------------------------------------------------------------------------------------------
2020-11-19 13:12:40,328 epoch 15 - iter 25/250 - loss 3.17787580 - samples/sec: 239.04 - lr: 0.100000
2020-11-19 13:12:43,523 epoch 15 - iter 50/250 - loss 3.07031547 - samples/sec: 250.44 - lr: 0.100000
2020-11-19 13:12:46,598 epoch 15 - iter 75/250 - loss 3.02416716 - samples/sec: 260.12 - lr: 0.100000
2020-11-19 13:12:49,849 epoch 15 - iter 100/250 - loss 3.04364855 - samples/sec: 246.89 - lr: 0.100000
2020-11-19 13:12:53,123 epoch 15 - iter 125/250 - loss 3.04494577 - samples/sec: 244.34 - lr: 0.100000
2020-11-19 13:12:56,773 epoch 15 - iter 150/250 - loss 3.12728247 - samples/sec: 219.15 - lr: 0.100000
2020-11-19 13:12:59,947 epoch 15 - iter 175/250 - loss 3.13608882 - samples/sec: 252.05 - lr: 0.100000
2020-11-19 13:13:03,168 epoch 15 - iter 200/250 - loss 3.15273924 - samples/sec: 248.42 - lr: 0.100000
2020-11-19 13:13:06,349 epoch 15 - iter 225/250 - loss 3.15075824 - samples/sec: 251.50 - lr: 0.100000
2020-11-19 13:13:09,489 epoch 15 - iter 250/250 - loss 3.14133173 - samples/sec: 255.45 - lr: 0.100000
2020-11-19 13:13:09,489 ----------------------------------------------------------------------------------------------------
2020-11-19 13:13:09,489 EPOCH 15 done: loss 3.1413 - lr 0.1000000
2020-11-19 13:13:15,097 DEV : loss 2.334299087524414 - score 0.9669
2020-11-19 13:13:15,167 BAD EPOCHS (no improvement): 0
2020-11-19 13:13:18,339 ----------------------------------------------------------------------------------------------------
2020-11-19 13:13:21,657 epoch 16 - iter 25/250 - loss 3.09687447 - samples/sec: 241.16 - lr: 0.100000
2020-11-19 13:13:24,977 epoch 16 - iter 50/250 - loss 3.09573475 - samples/sec: 240.90 - lr: 0.100000
2020-11-19 13:13:28,217 epoch 16 - iter 75/250 - loss 3.07054520 - samples/sec: 247.71 - lr: 0.100000
2020-11-19 13:13:31,574 epoch 16 - iter 100/250 - loss 3.05915318 - samples/sec: 238.31 - lr: 0.100000
2020-11-19 13:13:35,040 epoch 16 - iter 125/250 - loss 3.10950594 - samples/sec: 230.79 - lr: 0.100000
2020-11-19 13:13:38,159 epoch 16 - iter 150/250 - loss 3.11867824 - samples/sec: 256.53 - lr: 0.100000
2020-11-19 13:13:41,419 epoch 16 - iter 175/250 - loss 3.08403882 - samples/sec: 245.41 - lr: 0.100000
2020-11-19 13:13:44,715 epoch 16 - iter 200/250 - loss 3.08798023 - samples/sec: 242.73 - lr: 0.100000
2020-11-19 13:13:47,611 epoch 16 - iter 225/250 - loss 3.06758406 - samples/sec: 276.19 - lr: 0.100000
2020-11-19 13:13:50,998 epoch 16 - iter 250/250 - loss 3.06926415 - samples/sec: 236.93 - lr: 0.100000
2020-11-19 13:13:50,998 ----------------------------------------------------------------------------------------------------
2020-11-19 13:13:50,998 EPOCH 16 done: loss 3.0693 - lr 0.1000000
2020-11-19 13:13:56,550 DEV : loss 2.349883794784546 - score 0.9671
2020-11-19 13:13:56,619 BAD EPOCHS (no improvement): 0
2020-11-19 13:13:59,141 ----------------------------------------------------------------------------------------------------
2020-11-19 13:14:02,269 epoch 17 - iter 25/250 - loss 3.02485605 - samples/sec: 255.69 - lr: 0.100000
2020-11-19 13:14:05,362 epoch 17 - iter 50/250 - loss 3.07912967 - samples/sec: 258.70 - lr: 0.100000
2020-11-19 13:14:08,783 epoch 17 - iter 75/250 - loss 3.03615238 - samples/sec: 233.86 - lr: 0.100000
2020-11-19 13:14:11,969 epoch 17 - iter 100/250 - loss 3.04218771 - samples/sec: 252.64 - lr: 0.100000
2020-11-19 13:14:15,120 epoch 17 - iter 125/250 - loss 3.05981028 - samples/sec: 253.92 - lr: 0.100000
2020-11-19 13:14:18,264 epoch 17 - iter 150/250 - loss 3.04267330 - samples/sec: 254.44 - lr: 0.100000
2020-11-19 13:14:21,505 epoch 17 - iter 175/250 - loss 3.01266757 - samples/sec: 246.82 - lr: 0.100000
2020-11-19 13:14:25,014 epoch 17 - iter 200/250 - loss 3.04683079 - samples/sec: 228.04 - lr: 0.100000
2020-11-19 13:14:28,318 epoch 17 - iter 225/250 - loss 3.03910118 - samples/sec: 242.08 - lr: 0.100000
2020-11-19 13:14:31,450 epoch 17 - iter 250/250 - loss 3.03748281 - samples/sec: 255.43 - lr: 0.100000
2020-11-19 13:14:31,450 ----------------------------------------------------------------------------------------------------
2020-11-19 13:14:31,450 EPOCH 17 done: loss 3.0375 - lr 0.1000000
2020-11-19 13:14:37,120 DEV : loss 2.225080966949463 - score 0.9699
2020-11-19 13:14:37,193 BAD EPOCHS (no improvement): 0
2020-11-19 13:14:40,603 ----------------------------------------------------------------------------------------------------
2020-11-19 13:14:43,860 epoch 18 - iter 25/250 - loss 3.08508445 - samples/sec: 245.58 - lr: 0.100000
2020-11-19 13:14:46,990 epoch 18 - iter 50/250 - loss 3.04254584 - samples/sec: 255.63 - lr: 0.100000
2020-11-19 13:14:50,259 epoch 18 - iter 75/250 - loss 3.03494062 - samples/sec: 244.75 - lr: 0.100000
2020-11-19 13:14:53,441 epoch 18 - iter 100/250 - loss 3.06034599 - samples/sec: 251.42 - lr: 0.100000
2020-11-19 13:14:56,785 epoch 18 - iter 125/250 - loss 3.06550289 - samples/sec: 239.18 - lr: 0.100000
2020-11-19 13:15:00,426 epoch 18 - iter 150/250 - loss 3.05626307 - samples/sec: 219.75 - lr: 0.100000
2020-11-19 13:15:03,458 epoch 18 - iter 175/250 - loss 3.03579606 - samples/sec: 263.86 - lr: 0.100000
2020-11-19 13:15:06,536 epoch 18 - iter 200/250 - loss 3.02261400 - samples/sec: 259.89 - lr: 0.100000
2020-11-19 13:15:09,811 epoch 18 - iter 225/250 - loss 2.99931373 - samples/sec: 244.29 - lr: 0.100000
2020-11-19 13:15:13,079 epoch 18 - iter 250/250 - loss 2.98517872 - samples/sec: 244.83 - lr: 0.100000
2020-11-19 13:15:13,079 ----------------------------------------------------------------------------------------------------
2020-11-19 13:15:13,079 EPOCH 18 done: loss 2.9852 - lr 0.1000000
2020-11-19 13:15:18,765 DEV : loss 2.243541955947876 - score 0.9684
2020-11-19 13:15:18,835 BAD EPOCHS (no improvement): 1
2020-11-19 13:15:18,835 ----------------------------------------------------------------------------------------------------
2020-11-19 13:15:22,075 epoch 19 - iter 25/250 - loss 2.81404127 - samples/sec: 246.85 - lr: 0.100000
2020-11-19 13:15:25,506 epoch 19 - iter 50/250 - loss 2.85570340 - samples/sec: 233.17 - lr: 0.100000
2020-11-19 13:15:28,677 epoch 19 - iter 75/250 - loss 2.81702293 - samples/sec: 252.32 - lr: 0.100000
2020-11-19 13:15:31,690 epoch 19 - iter 100/250 - loss 2.85536226 - samples/sec: 265.49 - lr: 0.100000
2020-11-19 13:15:35,031 epoch 19 - iter 125/250 - loss 2.90305731 - samples/sec: 239.48 - lr: 0.100000
2020-11-19 13:15:38,419 epoch 19 - iter 150/250 - loss 2.90021474 - samples/sec: 236.08 - lr: 0.100000
2020-11-19 13:15:41,601 epoch 19 - iter 175/250 - loss 2.91535643 - samples/sec: 251.47 - lr: 0.100000
2020-11-19 13:15:44,771 epoch 19 - iter 200/250 - loss 2.94966918 - samples/sec: 252.34 - lr: 0.100000
2020-11-19 13:15:47,951 epoch 19 - iter 225/250 - loss 2.93581406 - samples/sec: 251.58 - lr: 0.100000
2020-11-19 13:15:51,119 epoch 19 - iter 250/250 - loss 2.95439157 - samples/sec: 252.52 - lr: 0.100000
2020-11-19 13:15:51,119 ----------------------------------------------------------------------------------------------------
2020-11-19 13:15:51,119 EPOCH 19 done: loss 2.9544 - lr 0.1000000
2020-11-19 13:15:56,783 DEV : loss 2.138275384902954 - score 0.9697
2020-11-19 13:15:56,851 BAD EPOCHS (no improvement): 2
2020-11-19 13:15:56,851 ----------------------------------------------------------------------------------------------------
2020-11-19 13:15:59,922 epoch 20 - iter 25/250 - loss 2.94711523 - samples/sec: 260.54 - lr: 0.100000
2020-11-19 13:16:03,240 epoch 20 - iter 50/250 - loss 2.95543255 - samples/sec: 241.13 - lr: 0.100000
2020-11-19 13:16:06,481 epoch 20 - iter 75/250 - loss 2.87850153 - samples/sec: 246.80 - lr: 0.100000
2020-11-19 13:16:09,761 epoch 20 - iter 100/250 - loss 2.88610018 - samples/sec: 243.91 - lr: 0.100000
2020-11-19 13:16:13,056 epoch 20 - iter 125/250 - loss 2.91403115 - samples/sec: 242.77 - lr: 0.100000
2020-11-19 13:16:16,777 epoch 20 - iter 150/250 - loss 2.93501462 - samples/sec: 215.00 - lr: 0.100000
2020-11-19 13:16:19,858 epoch 20 - iter 175/250 - loss 2.95758355 - samples/sec: 259.66 - lr: 0.100000
2020-11-19 13:16:23,009 epoch 20 - iter 200/250 - loss 2.93873330 - samples/sec: 253.90 - lr: 0.100000
2020-11-19 13:16:26,262 epoch 20 - iter 225/250 - loss 2.92899036 - samples/sec: 245.92 - lr: 0.100000
2020-11-19 13:16:29,422 epoch 20 - iter 250/250 - loss 2.92179602 - samples/sec: 253.94 - lr: 0.100000
2020-11-19 13:16:29,422 ----------------------------------------------------------------------------------------------------
2020-11-19 13:16:29,422 EPOCH 20 done: loss 2.9218 - lr 0.1000000
2020-11-19 13:16:35,364 DEV : loss 2.1832754611968994 - score 0.9699
2020-11-19 13:16:35,444 BAD EPOCHS (no improvement): 0
2020-11-19 13:16:37,945 ----------------------------------------------------------------------------------------------------
2020-11-19 13:16:41,059 epoch 21 - iter 25/250 - loss 2.80483054 - samples/sec: 256.91 - lr: 0.100000
2020-11-19 13:16:44,199 epoch 21 - iter 50/250 - loss 2.83875900 - samples/sec: 254.72 - lr: 0.100000
2020-11-19 13:16:47,390 epoch 21 - iter 75/250 - loss 2.84838804 - samples/sec: 250.77 - lr: 0.100000
2020-11-19 13:16:50,778 epoch 21 - iter 100/250 - loss 2.84021369 - samples/sec: 236.08 - lr: 0.100000
2020-11-19 13:16:54,369 epoch 21 - iter 125/250 - loss 2.86793603 - samples/sec: 222.79 - lr: 0.100000
2020-11-19 13:16:57,759 epoch 21 - iter 150/250 - loss 2.89383773 - samples/sec: 235.96 - lr: 0.100000
2020-11-19 13:17:00,848 epoch 21 - iter 175/250 - loss 2.84528471 - samples/sec: 258.98 - lr: 0.100000
2020-11-19 13:17:04,261 epoch 21 - iter 200/250 - loss 2.84051324 - samples/sec: 235.10 - lr: 0.100000
2020-11-19 13:17:07,409 epoch 21 - iter 225/250 - loss 2.84338303 - samples/sec: 254.16 - lr: 0.100000
2020-11-19 13:17:10,787 epoch 21 - iter 250/250 - loss 2.84234218 - samples/sec: 236.78 - lr: 0.100000
2020-11-19 13:17:10,787 ----------------------------------------------------------------------------------------------------
2020-11-19 13:17:10,787 EPOCH 21 done: loss 2.8423 - lr 0.1000000
2020-11-19 13:17:16,593 DEV : loss 2.480259656906128 - score 0.9657
2020-11-19 13:17:16,661 BAD EPOCHS (no improvement): 1
2020-11-19 13:17:16,661 ----------------------------------------------------------------------------------------------------
2020-11-19 13:17:20,138 epoch 22 - iter 25/250 - loss 2.99184063 - samples/sec: 231.39 - lr: 0.100000
2020-11-19 13:17:23,919 epoch 22 - iter 50/250 - loss 2.98123099 - samples/sec: 211.58 - lr: 0.100000
2020-11-19 13:17:27,168 epoch 22 - iter 75/250 - loss 2.94368572 - samples/sec: 247.03 - lr: 0.100000
2020-11-19 13:17:30,348 epoch 22 - iter 100/250 - loss 2.89391962 - samples/sec: 251.53 - lr: 0.100000
2020-11-19 13:17:33,481 epoch 22 - iter 125/250 - loss 2.87062840 - samples/sec: 255.41 - lr: 0.100000
2020-11-19 13:17:36,559 epoch 22 - iter 150/250 - loss 2.83846977 - samples/sec: 259.89 - lr: 0.100000
2020-11-19 13:17:39,910 epoch 22 - iter 175/250 - loss 2.83143501 - samples/sec: 238.75 - lr: 0.100000
2020-11-19 13:17:43,189 epoch 22 - iter 200/250 - loss 2.83401972 - samples/sec: 243.93 - lr: 0.100000
2020-11-19 13:17:46,359 epoch 22 - iter 225/250 - loss 2.83238231 - samples/sec: 252.39 - lr: 0.100000
2020-11-19 13:17:49,270 epoch 22 - iter 250/250 - loss 2.84397332 - samples/sec: 274.83 - lr: 0.100000
2020-11-19 13:17:49,270 ----------------------------------------------------------------------------------------------------
2020-11-19 13:17:49,270 EPOCH 22 done: loss 2.8440 - lr 0.1000000
2020-11-19 13:17:54,867 DEV : loss 2.1473281383514404 - score 0.9713
2020-11-19 13:17:54,927 BAD EPOCHS (no improvement): 0
2020-11-19 13:17:58,414 ----------------------------------------------------------------------------------------------------
2020-11-19 13:18:01,573 epoch 23 - iter 25/250 - loss 2.87829364 - samples/sec: 253.25 - lr: 0.100000
2020-11-19 13:18:04,903 epoch 23 - iter 50/250 - loss 2.95044357 - samples/sec: 240.20 - lr: 0.100000
2020-11-19 13:18:08,273 epoch 23 - iter 75/250 - loss 2.83163480 - samples/sec: 237.44 - lr: 0.100000
2020-11-19 13:18:11,584 epoch 23 - iter 100/250 - loss 2.85554937 - samples/sec: 241.57 - lr: 0.100000
2020-11-19 13:18:15,115 epoch 23 - iter 125/250 - loss 2.80879348 - samples/sec: 227.23 - lr: 0.100000
2020-11-19 13:18:18,346 epoch 23 - iter 150/250 - loss 2.83259166 - samples/sec: 247.62 - lr: 0.100000
2020-11-19 13:18:21,626 epoch 23 - iter 175/250 - loss 2.83475445 - samples/sec: 243.88 - lr: 0.100000
2020-11-19 13:18:24,672 epoch 23 - iter 200/250 - loss 2.81489801 - samples/sec: 262.65 - lr: 0.100000
2020-11-19 13:18:28,143 epoch 23 - iter 225/250 - loss 2.79241981 - samples/sec: 230.50 - lr: 0.100000
2020-11-19 13:18:31,158 epoch 23 - iter 250/250 - loss 2.78994402 - samples/sec: 265.27 - lr: 0.100000
2020-11-19 13:18:31,158 ----------------------------------------------------------------------------------------------------
2020-11-19 13:18:31,158 EPOCH 23 done: loss 2.7899 - lr 0.1000000
2020-11-19 13:18:36,807 DEV : loss 2.061396360397339 - score 0.9717
2020-11-19 13:18:36,873 BAD EPOCHS (no improvement): 0
2020-11-19 13:18:39,391 ----------------------------------------------------------------------------------------------------
2020-11-19 13:18:42,599 epoch 24 - iter 25/250 - loss 2.81708619 - samples/sec: 249.33 - lr: 0.100000
2020-11-19 13:18:45,875 epoch 24 - iter 50/250 - loss 2.82927193 - samples/sec: 244.23 - lr: 0.100000
2020-11-19 13:18:49,365 epoch 24 - iter 75/250 - loss 2.73656414 - samples/sec: 229.20 - lr: 0.100000
2020-11-19 13:18:52,326 epoch 24 - iter 100/250 - loss 2.69582052 - samples/sec: 270.18 - lr: 0.100000
2020-11-19 13:18:55,633 epoch 24 - iter 125/250 - loss 2.70444642 - samples/sec: 241.96 - lr: 0.100000
2020-11-19 13:18:58,693 epoch 24 - iter 150/250 - loss 2.70651071 - samples/sec: 261.40 - lr: 0.100000
2020-11-19 13:19:01,799 epoch 24 - iter 175/250 - loss 2.69815390 - samples/sec: 257.53 - lr: 0.100000
2020-11-19 13:19:04,900 epoch 24 - iter 200/250 - loss 2.71628801 - samples/sec: 258.01 - lr: 0.100000
2020-11-19 13:19:08,351 epoch 24 - iter 225/250 - loss 2.74348772 - samples/sec: 231.85 - lr: 0.100000
2020-11-19 13:19:11,812 epoch 24 - iter 250/250 - loss 2.78472957 - samples/sec: 231.81 - lr: 0.100000
2020-11-19 13:19:11,812 ----------------------------------------------------------------------------------------------------
2020-11-19 13:19:11,812 EPOCH 24 done: loss 2.7847 - lr 0.1000000
2020-11-19 13:19:17,541 DEV : loss 2.1183369159698486 - score 0.97
2020-11-19 13:19:17,617 BAD EPOCHS (no improvement): 1
2020-11-19 13:19:17,617 ----------------------------------------------------------------------------------------------------
2020-11-19 13:19:20,758 epoch 25 - iter 25/250 - loss 2.64919633 - samples/sec: 254.71 - lr: 0.100000
2020-11-19 13:19:23,962 epoch 25 - iter 50/250 - loss 2.74911070 - samples/sec: 249.66 - lr: 0.100000
2020-11-19 13:19:27,153 epoch 25 - iter 75/250 - loss 2.75677473 - samples/sec: 251.52 - lr: 0.100000
2020-11-19 13:19:30,520 epoch 25 - iter 100/250 - loss 2.73642946 - samples/sec: 237.57 - lr: 0.100000
2020-11-19 13:19:33,694 epoch 25 - iter 125/250 - loss 2.72084075 - samples/sec: 252.10 - lr: 0.100000
2020-11-19 13:19:37,472 epoch 25 - iter 150/250 - loss 2.73645927 - samples/sec: 211.76 - lr: 0.100000
2020-11-19 13:19:40,649 epoch 25 - iter 175/250 - loss 2.76005042 - samples/sec: 251.76 - lr: 0.100000
2020-11-19 13:19:43,820 epoch 25 - iter 200/250 - loss 2.73214406 - samples/sec: 252.30 - lr: 0.100000
2020-11-19 13:19:47,190 epoch 25 - iter 225/250 - loss 2.72735112 - samples/sec: 237.35 - lr: 0.100000
2020-11-19 13:19:50,358 epoch 25 - iter 250/250 - loss 2.73442102 - samples/sec: 253.33 - lr: 0.100000
2020-11-19 13:19:50,358 ----------------------------------------------------------------------------------------------------
2020-11-19 13:19:50,358 EPOCH 25 done: loss 2.7344 - lr 0.1000000
2020-11-19 13:19:56,394 DEV : loss 2.1114728450775146 - score 0.9703
2020-11-19 13:19:56,464 BAD EPOCHS (no improvement): 2
2020-11-19 13:19:56,464 ----------------------------------------------------------------------------------------------------
2020-11-19 13:19:59,721 epoch 26 - iter 25/250 - loss 2.66322615 - samples/sec: 245.62 - lr: 0.100000
2020-11-19 13:20:02,934 epoch 26 - iter 50/250 - loss 2.71164404 - samples/sec: 248.93 - lr: 0.100000
2020-11-19 13:20:06,095 epoch 26 - iter 75/250 - loss 2.60679122 - samples/sec: 253.10 - lr: 0.100000
2020-11-19 13:20:09,176 epoch 26 - iter 100/250 - loss 2.60791768 - samples/sec: 259.66 - lr: 0.100000
2020-11-19 13:20:12,617 epoch 26 - iter 125/250 - loss 2.64626460 - samples/sec: 232.50 - lr: 0.100000
2020-11-19 13:20:16,006 epoch 26 - iter 150/250 - loss 2.69445167 - samples/sec: 236.07 - lr: 0.100000
2020-11-19 13:20:19,369 epoch 26 - iter 175/250 - loss 2.68118127 - samples/sec: 237.88 - lr: 0.100000
2020-11-19 13:20:22,749 epoch 26 - iter 200/250 - loss 2.68476001 - samples/sec: 237.17 - lr: 0.100000
2020-11-19 13:20:25,795 epoch 26 - iter 225/250 - loss 2.68895857 - samples/sec: 262.69 - lr: 0.100000
2020-11-19 13:20:28,916 epoch 26 - iter 250/250 - loss 2.69568508 - samples/sec: 256.33 - lr: 0.100000
2020-11-19 13:20:28,916 ----------------------------------------------------------------------------------------------------
2020-11-19 13:20:28,916 EPOCH 26 done: loss 2.6957 - lr 0.1000000
2020-11-19 13:20:34,496 DEV : loss 2.1117727756500244 - score 0.9697
2020-11-19 13:20:34,564 BAD EPOCHS (no improvement): 3
2020-11-19 13:20:34,564 ----------------------------------------------------------------------------------------------------
2020-11-19 13:20:37,646 epoch 27 - iter 25/250 - loss 2.77667130 - samples/sec: 259.56 - lr: 0.100000
2020-11-19 13:20:40,978 epoch 27 - iter 50/250 - loss 2.64753149 - samples/sec: 240.13 - lr: 0.100000
2020-11-19 13:20:44,198 epoch 27 - iter 75/250 - loss 2.71507143 - samples/sec: 248.41 - lr: 0.100000
2020-11-19 13:20:47,368 epoch 27 - iter 100/250 - loss 2.74380868 - samples/sec: 252.33 - lr: 0.100000
2020-11-19 13:20:50,658 epoch 27 - iter 125/250 - loss 2.74327657 - samples/sec: 243.90 - lr: 0.100000
2020-11-19 13:20:53,800 epoch 27 - iter 150/250 - loss 2.71697912 - samples/sec: 254.62 - lr: 0.100000
2020-11-19 13:20:56,896 epoch 27 - iter 175/250 - loss 2.71391335 - samples/sec: 258.47 - lr: 0.100000
2020-11-19 13:21:00,459 epoch 27 - iter 200/250 - loss 2.68284083 - samples/sec: 224.64 - lr: 0.100000
2020-11-19 13:21:03,738 epoch 27 - iter 225/250 - loss 2.67216006 - samples/sec: 243.95 - lr: 0.100000
2020-11-19 13:21:07,336 epoch 27 - iter 250/250 - loss 2.66761605 - samples/sec: 222.35 - lr: 0.100000
2020-11-19 13:21:07,336 ----------------------------------------------------------------------------------------------------
2020-11-19 13:21:07,336 EPOCH 27 done: loss 2.6676 - lr 0.1000000
2020-11-19 13:21:13,018 DEV : loss 1.9822005033493042 - score 0.9738
2020-11-19 13:21:13,086 BAD EPOCHS (no improvement): 0
2020-11-19 13:21:16,233 ----------------------------------------------------------------------------------------------------
2020-11-19 13:21:19,348 epoch 28 - iter 25/250 - loss 2.60337903 - samples/sec: 256.83 - lr: 0.100000
2020-11-19 13:21:22,715 epoch 28 - iter 50/250 - loss 2.50702242 - samples/sec: 237.57 - lr: 0.100000
2020-11-19 13:21:25,944 epoch 28 - iter 75/250 - loss 2.45133825 - samples/sec: 247.75 - lr: 0.100000
2020-11-19 13:21:29,175 epoch 28 - iter 100/250 - loss 2.52300367 - samples/sec: 247.61 - lr: 0.100000
2020-11-19 13:21:32,416 epoch 28 - iter 125/250 - loss 2.55401366 - samples/sec: 246.86 - lr: 0.100000
2020-11-19 13:21:35,797 epoch 28 - iter 150/250 - loss 2.60389577 - samples/sec: 236.58 - lr: 0.100000
2020-11-19 13:21:39,196 epoch 28 - iter 175/250 - loss 2.65265863 - samples/sec: 235.41 - lr: 0.100000
2020-11-19 13:21:42,567 epoch 28 - iter 200/250 - loss 2.64468049 - samples/sec: 237.27 - lr: 0.100000
2020-11-19 13:21:45,657 epoch 28 - iter 225/250 - loss 2.62855651 - samples/sec: 258.90 - lr: 0.100000
2020-11-19 13:21:48,898 epoch 28 - iter 250/250 - loss 2.63208204 - samples/sec: 246.86 - lr: 0.100000
2020-11-19 13:21:48,898 ----------------------------------------------------------------------------------------------------
2020-11-19 13:21:48,908 EPOCH 28 done: loss 2.6321 - lr 0.1000000
2020-11-19 13:21:54,530 DEV : loss 2.305776834487915 - score 0.966
2020-11-19 13:21:54,598 BAD EPOCHS (no improvement): 1
2020-11-19 13:21:54,598 ----------------------------------------------------------------------------------------------------
2020-11-19 13:21:57,939 epoch 29 - iter 25/250 - loss 2.77497140 - samples/sec: 239.48 - lr: 0.100000
2020-11-19 13:22:01,231 epoch 29 - iter 50/250 - loss 2.61035622 - samples/sec: 242.98 - lr: 0.100000
2020-11-19 13:22:04,700 epoch 29 - iter 75/250 - loss 2.64136595 - samples/sec: 230.64 - lr: 0.100000
2020-11-19 13:22:07,979 epoch 29 - iter 100/250 - loss 2.64447199 - samples/sec: 243.92 - lr: 0.100000
2020-11-19 13:22:11,335 epoch 29 - iter 125/250 - loss 2.67058083 - samples/sec: 238.43 - lr: 0.100000
2020-11-19 13:22:14,580 epoch 29 - iter 150/250 - loss 2.62967992 - samples/sec: 246.55 - lr: 0.100000
2020-11-19 13:22:17,760 epoch 29 - iter 175/250 - loss 2.62922742 - samples/sec: 251.52 - lr: 0.100000
2020-11-19 13:22:20,919 epoch 29 - iter 200/250 - loss 2.63604291 - samples/sec: 253.28 - lr: 0.100000
2020-11-19 13:22:24,180 epoch 29 - iter 225/250 - loss 2.61520632 - samples/sec: 245.34 - lr: 0.100000
2020-11-19 13:22:27,491 epoch 29 - iter 250/250 - loss 2.60976212 - samples/sec: 241.63 - lr: 0.100000
2020-11-19 13:22:27,491 ----------------------------------------------------------------------------------------------------
2020-11-19 13:22:27,491 EPOCH 29 done: loss 2.6098 - lr 0.1000000
2020-11-19 13:22:33,217 DEV : loss 2.0700058937072754 - score 0.9717
2020-11-19 13:22:33,283 BAD EPOCHS (no improvement): 2
2020-11-19 13:22:33,283 ----------------------------------------------------------------------------------------------------
2020-11-19 13:22:36,728 epoch 30 - iter 25/250 - loss 2.69021083 - samples/sec: 232.28 - lr: 0.100000
2020-11-19 13:22:40,216 epoch 30 - iter 50/250 - loss 2.72385708 - samples/sec: 229.30 - lr: 0.100000
2020-11-19 13:22:43,475 epoch 30 - iter 75/250 - loss 2.74885357 - samples/sec: 245.51 - lr: 0.100000
2020-11-19 13:22:46,446 epoch 30 - iter 100/250 - loss 2.68027347 - samples/sec: 269.31 - lr: 0.100000
2020-11-19 13:22:49,725 epoch 30 - iter 125/250 - loss 2.66804810 - samples/sec: 244.68 - lr: 0.100000
2020-11-19 13:22:52,922 epoch 30 - iter 150/250 - loss 2.64411977 - samples/sec: 250.26 - lr: 0.100000
2020-11-19 13:22:56,283 epoch 30 - iter 175/250 - loss 2.64519183 - samples/sec: 238.01 - lr: 0.100000
2020-11-19 13:22:59,242 epoch 30 - iter 200/250 - loss 2.61761793 - samples/sec: 270.40 - lr: 0.100000
2020-11-19 13:23:02,409 epoch 30 - iter 225/250 - loss 2.61567216 - samples/sec: 252.57 - lr: 0.100000
2020-11-19 13:23:05,599 epoch 30 - iter 250/250 - loss 2.61113835 - samples/sec: 250.83 - lr: 0.100000
2020-11-19 13:23:05,599 ----------------------------------------------------------------------------------------------------
2020-11-19 13:23:05,599 EPOCH 30 done: loss 2.6111 - lr 0.1000000
2020-11-19 13:23:11,673 DEV : loss 1.8941408395767212 - score 0.9736
2020-11-19 13:23:11,741 BAD EPOCHS (no improvement): 3
2020-11-19 13:23:11,741 ----------------------------------------------------------------------------------------------------
2020-11-19 13:23:14,577 epoch 31 - iter 25/250 - loss 2.38089282 - samples/sec: 282.13 - lr: 0.100000
2020-11-19 13:23:17,938 epoch 31 - iter 50/250 - loss 2.54843789 - samples/sec: 238.76 - lr: 0.100000
2020-11-19 13:23:21,119 epoch 31 - iter 75/250 - loss 2.52447512 - samples/sec: 251.50 - lr: 0.100000
2020-11-19 13:23:24,413 epoch 31 - iter 100/250 - loss 2.54415141 - samples/sec: 242.81 - lr: 0.100000
2020-11-19 13:23:27,834 epoch 31 - iter 125/250 - loss 2.53647120 - samples/sec: 233.86 - lr: 0.100000
2020-11-19 13:23:31,135 epoch 31 - iter 150/250 - loss 2.52939402 - samples/sec: 242.37 - lr: 0.100000
2020-11-19 13:23:34,551 epoch 31 - iter 175/250 - loss 2.53427459 - samples/sec: 234.21 - lr: 0.100000
2020-11-19 13:23:37,708 epoch 31 - iter 200/250 - loss 2.55463305 - samples/sec: 253.38 - lr: 0.100000
2020-11-19 13:23:41,055 epoch 31 - iter 225/250 - loss 2.53142049 - samples/sec: 239.75 - lr: 0.100000
2020-11-19 13:23:44,808 epoch 31 - iter 250/250 - loss 2.55318623 - samples/sec: 213.15 - lr: 0.100000
2020-11-19 13:23:44,808 ----------------------------------------------------------------------------------------------------
2020-11-19 13:23:44,808 EPOCH 31 done: loss 2.5532 - lr 0.1000000
2020-11-19 13:23:50,790 DEV : loss 1.9527087211608887 - score 0.9725
2020-11-19 13:23:50,860 BAD EPOCHS (no improvement): 4
2020-11-19 13:23:50,860 ----------------------------------------------------------------------------------------------------
2020-11-19 13:23:54,396 epoch 32 - iter 25/250 - loss 2.49914698 - samples/sec: 226.88 - lr: 0.050000
2020-11-19 13:23:57,686 epoch 32 - iter 50/250 - loss 2.52603716 - samples/sec: 243.86 - lr: 0.050000
2020-11-19 13:24:01,122 epoch 32 - iter 75/250 - loss 2.56905454 - samples/sec: 232.83 - lr: 0.050000
2020-11-19 13:24:04,283 epoch 32 - iter 100/250 - loss 2.51640717 - samples/sec: 253.10 - lr: 0.050000
2020-11-19 13:24:07,539 epoch 32 - iter 125/250 - loss 2.50439775 - samples/sec: 246.47 - lr: 0.050000
2020-11-19 13:24:10,689 epoch 32 - iter 150/250 - loss 2.51275829 - samples/sec: 253.96 - lr: 0.050000
2020-11-19 13:24:14,059 epoch 32 - iter 175/250 - loss 2.48895785 - samples/sec: 237.37 - lr: 0.050000
2020-11-19 13:24:17,298 epoch 32 - iter 200/250 - loss 2.48505250 - samples/sec: 247.02 - lr: 0.050000
2020-11-19 13:24:20,369 epoch 32 - iter 225/250 - loss 2.47799077 - samples/sec: 260.51 - lr: 0.050000
2020-11-19 13:24:23,677 epoch 32 - iter 250/250 - loss 2.47863130 - samples/sec: 241.81 - lr: 0.050000
2020-11-19 13:24:23,677 ----------------------------------------------------------------------------------------------------
2020-11-19 13:24:23,677 EPOCH 32 done: loss 2.4786 - lr 0.0500000
2020-11-19 13:24:29,219 DEV : loss 1.8907105922698975 - score 0.9738
2020-11-19 13:24:29,287 BAD EPOCHS (no improvement): 0
2020-11-19 13:24:31,775 ----------------------------------------------------------------------------------------------------
2020-11-19 13:24:35,065 epoch 33 - iter 25/250 - loss 2.76672036 - samples/sec: 243.13 - lr: 0.050000
2020-11-19 13:24:38,204 epoch 33 - iter 50/250 - loss 2.48787204 - samples/sec: 254.88 - lr: 0.050000
2020-11-19 13:24:41,329 epoch 33 - iter 75/250 - loss 2.50705643 - samples/sec: 256.01 - lr: 0.050000
2020-11-19 13:24:44,724 epoch 33 - iter 100/250 - loss 2.49238955 - samples/sec: 235.64 - lr: 0.050000
2020-11-19 13:24:47,919 epoch 33 - iter 125/250 - loss 2.46558007 - samples/sec: 250.35 - lr: 0.050000
2020-11-19 13:24:51,515 epoch 33 - iter 150/250 - loss 2.48551323 - samples/sec: 222.47 - lr: 0.050000
2020-11-19 13:24:55,009 epoch 33 - iter 175/250 - loss 2.46515683 - samples/sec: 229.59 - lr: 0.050000
2020-11-19 13:24:58,210 epoch 33 - iter 200/250 - loss 2.44996843 - samples/sec: 250.72 - lr: 0.050000
2020-11-19 13:25:01,678 epoch 33 - iter 225/250 - loss 2.42849392 - samples/sec: 231.31 - lr: 0.050000
2020-11-19 13:25:05,041 epoch 33 - iter 250/250 - loss 2.41602222 - samples/sec: 237.97 - lr: 0.050000
2020-11-19 13:25:05,042 ----------------------------------------------------------------------------------------------------
2020-11-19 13:25:05,043 EPOCH 33 done: loss 2.4160 - lr 0.0500000
2020-11-19 13:25:14,205 DEV : loss 1.7535772323608398 - score 0.976
2020-11-19 13:25:14,280 BAD EPOCHS (no improvement): 0
2020-11-19 13:25:17,581 ----------------------------------------------------------------------------------------------------
2020-11-19 13:25:21,182 epoch 34 - iter 25/250 - loss 2.53634231 - samples/sec: 222.27 - lr: 0.050000
2020-11-19 13:25:24,412 epoch 34 - iter 50/250 - loss 2.47272457 - samples/sec: 247.65 - lr: 0.050000
2020-11-19 13:25:27,656 epoch 34 - iter 75/250 - loss 2.41288100 - samples/sec: 246.72 - lr: 0.050000
2020-11-19 13:25:31,268 epoch 34 - iter 100/250 - loss 2.42091364 - samples/sec: 221.65 - lr: 0.050000
2020-11-19 13:25:34,494 epoch 34 - iter 125/250 - loss 2.38117429 - samples/sec: 248.12 - lr: 0.050000
2020-11-19 13:25:38,205 epoch 34 - iter 150/250 - loss 2.40866813 - samples/sec: 215.58 - lr: 0.050000
2020-11-19 13:25:41,680 epoch 34 - iter 175/250 - loss 2.44184712 - samples/sec: 230.31 - lr: 0.050000
2020-11-19 13:25:45,010 epoch 34 - iter 200/250 - loss 2.44842512 - samples/sec: 240.30 - lr: 0.050000
2020-11-19 13:25:48,395 epoch 34 - iter 225/250 - loss 2.42524169 - samples/sec: 236.44 - lr: 0.050000
2020-11-19 13:25:51,770 epoch 34 - iter 250/250 - loss 2.41744963 - samples/sec: 237.26 - lr: 0.050000
2020-11-19 13:25:51,771 ----------------------------------------------------------------------------------------------------
2020-11-19 13:25:51,772 EPOCH 34 done: loss 2.4174 - lr 0.0500000
2020-11-19 13:25:57,894 DEV : loss 1.995726227760315 - score 0.9735
2020-11-19 13:25:57,965 BAD EPOCHS (no improvement): 1
2020-11-19 13:25:57,965 ----------------------------------------------------------------------------------------------------
2020-11-19 13:26:01,369 epoch 35 - iter 25/250 - loss 2.40004711 - samples/sec: 235.10 - lr: 0.050000
2020-11-19 13:26:05,240 epoch 35 - iter 50/250 - loss 2.44342957 - samples/sec: 206.84 - lr: 0.050000
2020-11-19 13:26:08,416 epoch 35 - iter 75/250 - loss 2.38458982 - samples/sec: 251.86 - lr: 0.050000
2020-11-19 13:26:11,652 epoch 35 - iter 100/250 - loss 2.35521588 - samples/sec: 247.39 - lr: 0.050000
2020-11-19 13:26:14,773 epoch 35 - iter 125/250 - loss 2.36227629 - samples/sec: 256.37 - lr: 0.050000
2020-11-19 13:26:18,082 epoch 35 - iter 150/250 - loss 2.37932476 - samples/sec: 241.97 - lr: 0.050000
2020-11-19 13:26:21,628 epoch 35 - iter 175/250 - loss 2.40478938 - samples/sec: 225.76 - lr: 0.050000
2020-11-19 13:26:25,087 epoch 35 - iter 200/250 - loss 2.38959162 - samples/sec: 231.38 - lr: 0.050000
2020-11-19 13:26:28,376 epoch 35 - iter 225/250 - loss 2.37223376 - samples/sec: 243.34 - lr: 0.050000
2020-11-19 13:26:32,243 epoch 35 - iter 250/250 - loss 2.38913930 - samples/sec: 207.00 - lr: 0.050000
2020-11-19 13:26:32,244 ----------------------------------------------------------------------------------------------------
2020-11-19 13:26:32,244 EPOCH 35 done: loss 2.3891 - lr 0.0500000
2020-11-19 13:26:38,827 DEV : loss 1.834632396697998 - score 0.9753
2020-11-19 13:26:38,900 BAD EPOCHS (no improvement): 2
2020-11-19 13:26:38,901 ----------------------------------------------------------------------------------------------------
2020-11-19 13:26:42,406 epoch 36 - iter 25/250 - loss 2.26959660 - samples/sec: 228.29 - lr: 0.050000
2020-11-19 13:26:45,828 epoch 36 - iter 50/250 - loss 2.38050871 - samples/sec: 233.86 - lr: 0.050000
2020-11-19 13:26:49,034 epoch 36 - iter 75/250 - loss 2.39904521 - samples/sec: 249.68 - lr: 0.050000
2020-11-19 13:26:52,382 epoch 36 - iter 100/250 - loss 2.39783222 - samples/sec: 239.13 - lr: 0.050000
2020-11-19 13:26:55,765 epoch 36 - iter 125/250 - loss 2.38529730 - samples/sec: 236.68 - lr: 0.050000
2020-11-19 13:26:59,114 epoch 36 - iter 150/250 - loss 2.40922440 - samples/sec: 238.94 - lr: 0.050000
2020-11-19 13:27:02,573 epoch 36 - iter 175/250 - loss 2.39489517 - samples/sec: 231.39 - lr: 0.050000
2020-11-19 13:27:06,296 epoch 36 - iter 200/250 - loss 2.40264785 - samples/sec: 214.99 - lr: 0.050000
2020-11-19 13:27:09,972 epoch 36 - iter 225/250 - loss 2.40737822 - samples/sec: 217.80 - lr: 0.050000
2020-11-19 13:27:13,384 epoch 36 - iter 250/250 - loss 2.41053501 - samples/sec: 234.57 - lr: 0.050000
2020-11-19 13:27:13,385 ----------------------------------------------------------------------------------------------------
2020-11-19 13:27:13,386 EPOCH 36 done: loss 2.4105 - lr 0.0500000
2020-11-19 13:27:19,574 DEV : loss 1.767694354057312 - score 0.9759
2020-11-19 13:27:19,646 BAD EPOCHS (no improvement): 3
2020-11-19 13:27:19,648 ----------------------------------------------------------------------------------------------------
2020-11-19 13:27:23,014 epoch 37 - iter 25/250 - loss 2.31477668 - samples/sec: 237.98 - lr: 0.050000
2020-11-19 13:27:26,548 epoch 37 - iter 50/250 - loss 2.28528039 - samples/sec: 226.44 - lr: 0.050000
2020-11-19 13:27:29,826 epoch 37 - iter 75/250 - loss 2.29131847 - samples/sec: 244.03 - lr: 0.050000
2020-11-19 13:27:33,608 epoch 37 - iter 100/250 - loss 2.32645131 - samples/sec: 211.56 - lr: 0.050000
2020-11-19 13:27:36,953 epoch 37 - iter 125/250 - loss 2.37598802 - samples/sec: 239.26 - lr: 0.050000
2020-11-19 13:27:40,110 epoch 37 - iter 150/250 - loss 2.36377865 - samples/sec: 253.59 - lr: 0.050000
2020-11-19 13:27:43,590 epoch 37 - iter 175/250 - loss 2.33260517 - samples/sec: 229.99 - lr: 0.050000
2020-11-19 13:27:47,134 epoch 37 - iter 200/250 - loss 2.32795818 - samples/sec: 225.83 - lr: 0.050000
2020-11-19 13:27:50,449 epoch 37 - iter 225/250 - loss 2.34495433 - samples/sec: 241.45 - lr: 0.050000
2020-11-19 13:27:53,904 epoch 37 - iter 250/250 - loss 2.34801693 - samples/sec: 231.70 - lr: 0.050000
2020-11-19 13:27:53,905 ----------------------------------------------------------------------------------------------------
2020-11-19 13:27:53,905 EPOCH 37 done: loss 2.3480 - lr 0.0500000
2020-11-19 13:28:00,149 DEV : loss 1.7921936511993408 - score 0.976
2020-11-19 13:28:00,223 BAD EPOCHS (no improvement): 4
2020-11-19 13:28:00,224 ----------------------------------------------------------------------------------------------------
2020-11-19 13:28:03,677 epoch 38 - iter 25/250 - loss 2.29783337 - samples/sec: 231.83 - lr: 0.025000
2020-11-19 13:28:07,393 epoch 38 - iter 50/250 - loss 2.52432720 - samples/sec: 215.39 - lr: 0.025000
2020-11-19 13:28:10,736 epoch 38 - iter 75/250 - loss 2.45598183 - samples/sec: 239.41 - lr: 0.025000
2020-11-19 13:28:13,941 epoch 38 - iter 100/250 - loss 2.42557490 - samples/sec: 249.89 - lr: 0.025000
2020-11-19 13:28:17,104 epoch 38 - iter 125/250 - loss 2.35352524 - samples/sec: 252.94 - lr: 0.025000
2020-11-19 13:28:21,087 epoch 38 - iter 150/250 - loss 2.34291079 - samples/sec: 200.83 - lr: 0.025000
2020-11-19 13:28:24,496 epoch 38 - iter 175/250 - loss 2.35087504 - samples/sec: 234.73 - lr: 0.025000
2020-11-19 13:28:28,128 epoch 38 - iter 200/250 - loss 2.34392439 - samples/sec: 220.42 - lr: 0.025000
2020-11-19 13:28:31,388 epoch 38 - iter 225/250 - loss 2.32340126 - samples/sec: 245.53 - lr: 0.025000
2020-11-19 13:28:34,820 epoch 38 - iter 250/250 - loss 2.31232886 - samples/sec: 233.06 - lr: 0.025000
2020-11-19 13:28:34,821 ----------------------------------------------------------------------------------------------------
2020-11-19 13:28:34,822 EPOCH 38 done: loss 2.3123 - lr 0.0250000
2020-11-19 13:28:40,976 DEV : loss 1.7542930841445923 - score 0.9762
2020-11-19 13:28:41,047 BAD EPOCHS (no improvement): 0
2020-11-19 13:28:43,649 ----------------------------------------------------------------------------------------------------
2020-11-19 13:28:47,081 epoch 39 - iter 25/250 - loss 2.40900271 - samples/sec: 233.12 - lr: 0.025000
2020-11-19 13:28:50,526 epoch 39 - iter 50/250 - loss 2.25694987 - samples/sec: 232.34 - lr: 0.025000
2020-11-19 13:28:53,918 epoch 39 - iter 75/250 - loss 2.26733250 - samples/sec: 235.92 - lr: 0.025000
2020-11-19 13:28:57,039 epoch 39 - iter 100/250 - loss 2.24522278 - samples/sec: 256.53 - lr: 0.025000
2020-11-19 13:29:00,563 epoch 39 - iter 125/250 - loss 2.26560511 - samples/sec: 227.11 - lr: 0.025000
2020-11-19 13:29:03,935 epoch 39 - iter 150/250 - loss 2.26671595 - samples/sec: 237.23 - lr: 0.025000
2020-11-19 13:29:07,486 epoch 39 - iter 175/250 - loss 2.29027302 - samples/sec: 225.34 - lr: 0.025000
2020-11-19 13:29:10,940 epoch 39 - iter 200/250 - loss 2.30757409 - samples/sec: 231.75 - lr: 0.025000
2020-11-19 13:29:14,488 epoch 39 - iter 225/250 - loss 2.31214785 - samples/sec: 225.63 - lr: 0.025000
2020-11-19 13:29:17,849 epoch 39 - iter 250/250 - loss 2.32589680 - samples/sec: 238.10 - lr: 0.025000
2020-11-19 13:29:17,849 ----------------------------------------------------------------------------------------------------
2020-11-19 13:29:17,849 EPOCH 39 done: loss 2.3259 - lr 0.0250000
2020-11-19 13:29:23,921 DEV : loss 1.882880449295044 - score 0.9741
2020-11-19 13:29:23,991 BAD EPOCHS (no improvement): 1
2020-11-19 13:29:23,992 ----------------------------------------------------------------------------------------------------
2020-11-19 13:29:27,545 epoch 40 - iter 25/250 - loss 2.72464387 - samples/sec: 225.19 - lr: 0.025000
2020-11-19 13:29:30,762 epoch 40 - iter 50/250 - loss 2.59754944 - samples/sec: 248.76 - lr: 0.025000
2020-11-19 13:29:34,308 epoch 40 - iter 75/250 - loss 2.51352419 - samples/sec: 225.67 - lr: 0.025000
2020-11-19 13:29:37,799 epoch 40 - iter 100/250 - loss 2.47406577 - samples/sec: 229.23 - lr: 0.025000
2020-11-19 13:29:41,340 epoch 40 - iter 125/250 - loss 2.36809800 - samples/sec: 225.99 - lr: 0.025000
2020-11-19 13:29:44,824 epoch 40 - iter 150/250 - loss 2.35018476 - samples/sec: 229.72 - lr: 0.025000
2020-11-19 13:29:48,511 epoch 40 - iter 175/250 - loss 2.31297347 - samples/sec: 217.01 - lr: 0.025000
2020-11-19 13:29:52,047 epoch 40 - iter 200/250 - loss 2.31535901 - samples/sec: 226.31 - lr: 0.025000
2020-11-19 13:29:55,533 epoch 40 - iter 225/250 - loss 2.31510051 - samples/sec: 229.69 - lr: 0.025000
2020-11-19 13:29:58,657 epoch 40 - iter 250/250 - loss 2.31987183 - samples/sec: 256.18 - lr: 0.025000
2020-11-19 13:29:58,658 ----------------------------------------------------------------------------------------------------
2020-11-19 13:29:58,659 EPOCH 40 done: loss 2.3199 - lr 0.0250000
2020-11-19 13:30:05,205 DEV : loss 1.7852224111557007 - score 0.9758
2020-11-19 13:30:05,277 BAD EPOCHS (no improvement): 2
2020-11-19 13:30:05,278 ----------------------------------------------------------------------------------------------------
2020-11-19 13:30:08,481 epoch 41 - iter 25/250 - loss 2.36644399 - samples/sec: 249.89 - lr: 0.025000
2020-11-19 13:30:11,718 epoch 41 - iter 50/250 - loss 2.33501326 - samples/sec: 247.24 - lr: 0.025000
2020-11-19 13:30:15,301 epoch 41 - iter 75/250 - loss 2.30855831 - samples/sec: 223.30 - lr: 0.025000
2020-11-19 13:30:18,822 epoch 41 - iter 100/250 - loss 2.31782739 - samples/sec: 227.37 - lr: 0.025000
2020-11-19 13:30:22,372 epoch 41 - iter 125/250 - loss 2.31261163 - samples/sec: 225.50 - lr: 0.025000
2020-11-19 13:30:25,899 epoch 41 - iter 150/250 - loss 2.28954492 - samples/sec: 226.88 - lr: 0.025000
2020-11-19 13:30:29,630 epoch 41 - iter 175/250 - loss 2.32070962 - samples/sec: 214.47 - lr: 0.025000
2020-11-19 13:30:33,488 epoch 41 - iter 200/250 - loss 2.33753246 - samples/sec: 207.45 - lr: 0.025000
2020-11-19 13:30:36,890 epoch 41 - iter 225/250 - loss 2.32779049 - samples/sec: 235.26 - lr: 0.025000
2020-11-19 13:30:40,212 epoch 41 - iter 250/250 - loss 2.31253208 - samples/sec: 241.00 - lr: 0.025000
2020-11-19 13:30:40,213 ----------------------------------------------------------------------------------------------------
2020-11-19 13:30:40,213 EPOCH 41 done: loss 2.3125 - lr 0.0250000
2020-11-19 13:30:46,351 DEV : loss 1.778339147567749 - score 0.9759
2020-11-19 13:30:46,424 BAD EPOCHS (no improvement): 3
2020-11-19 13:30:46,425 ----------------------------------------------------------------------------------------------------
2020-11-19 13:30:50,053 epoch 42 - iter 25/250 - loss 2.16130630 - samples/sec: 220.63 - lr: 0.025000
2020-11-19 13:30:53,465 epoch 42 - iter 50/250 - loss 2.12980203 - samples/sec: 234.63 - lr: 0.025000
2020-11-19 13:30:56,761 epoch 42 - iter 75/250 - loss 2.20811144 - samples/sec: 242.76 - lr: 0.025000
2020-11-19 13:31:00,229 epoch 42 - iter 100/250 - loss 2.24880745 - samples/sec: 230.77 - lr: 0.025000
2020-11-19 13:31:03,492 epoch 42 - iter 125/250 - loss 2.24580859 - samples/sec: 245.31 - lr: 0.025000
2020-11-19 13:31:06,824 epoch 42 - iter 150/250 - loss 2.26010062 - samples/sec: 240.22 - lr: 0.025000
2020-11-19 13:31:10,232 epoch 42 - iter 175/250 - loss 2.25968657 - samples/sec: 234.79 - lr: 0.025000
2020-11-19 13:31:13,974 epoch 42 - iter 200/250 - loss 2.25116667 - samples/sec: 213.90 - lr: 0.025000
2020-11-19 13:31:17,559 epoch 42 - iter 225/250 - loss 2.24295654 - samples/sec: 223.29 - lr: 0.025000
2020-11-19 13:31:21,134 epoch 42 - iter 250/250 - loss 2.26868276 - samples/sec: 223.83 - lr: 0.025000
2020-11-19 13:31:21,135 ----------------------------------------------------------------------------------------------------
2020-11-19 13:31:21,135 EPOCH 42 done: loss 2.2687 - lr 0.0250000
2020-11-19 13:31:27,210 DEV : loss 1.8042258024215698 - score 0.9754
2020-11-19 13:31:27,281 BAD EPOCHS (no improvement): 4
2020-11-19 13:31:27,282 ----------------------------------------------------------------------------------------------------
2020-11-19 13:31:30,562 epoch 43 - iter 25/250 - loss 2.19167265 - samples/sec: 244.01 - lr: 0.012500
2020-11-19 13:31:33,996 epoch 43 - iter 50/250 - loss 2.26399843 - samples/sec: 233.09 - lr: 0.012500
2020-11-19 13:31:37,377 epoch 43 - iter 75/250 - loss 2.25569017 - samples/sec: 236.65 - lr: 0.012500
2020-11-19 13:31:40,703 epoch 43 - iter 100/250 - loss 2.22295542 - samples/sec: 240.59 - lr: 0.012500
2020-11-19 13:31:44,260 epoch 43 - iter 125/250 - loss 2.24940567 - samples/sec: 225.09 - lr: 0.012500
2020-11-19 13:31:47,804 epoch 43 - iter 150/250 - loss 2.27482222 - samples/sec: 225.78 - lr: 0.012500
2020-11-19 13:31:51,283 epoch 43 - iter 175/250 - loss 2.26546964 - samples/sec: 230.05 - lr: 0.012500
2020-11-19 13:31:54,925 epoch 43 - iter 200/250 - loss 2.28127708 - samples/sec: 219.73 - lr: 0.012500
2020-11-19 13:31:58,391 epoch 43 - iter 225/250 - loss 2.28128801 - samples/sec: 230.95 - lr: 0.012500
2020-11-19 13:32:01,773 epoch 43 - iter 250/250 - loss 2.26921973 - samples/sec: 236.66 - lr: 0.012500
2020-11-19 13:32:01,774 ----------------------------------------------------------------------------------------------------
2020-11-19 13:32:01,774 EPOCH 43 done: loss 2.2692 - lr 0.0125000
2020-11-19 13:32:07,838 DEV : loss 1.7898746728897095 - score 0.9757
2020-11-19 13:32:07,909 BAD EPOCHS (no improvement): 1
2020-11-19 13:32:07,911 ----------------------------------------------------------------------------------------------------
2020-11-19 13:32:11,770 epoch 44 - iter 25/250 - loss 2.29179881 - samples/sec: 207.34 - lr: 0.012500
2020-11-19 13:32:15,491 epoch 44 - iter 50/250 - loss 2.26502013 - samples/sec: 215.09 - lr: 0.012500
2020-11-19 13:32:18,918 epoch 44 - iter 75/250 - loss 2.24806833 - samples/sec: 233.40 - lr: 0.012500
2020-11-19 13:32:22,650 epoch 44 - iter 100/250 - loss 2.22796227 - samples/sec: 214.45 - lr: 0.012500
2020-11-19 13:32:26,355 epoch 44 - iter 125/250 - loss 2.23724957 - samples/sec: 216.05 - lr: 0.012500
2020-11-19 13:32:29,451 epoch 44 - iter 150/250 - loss 2.25782852 - samples/sec: 258.52 - lr: 0.012500
2020-11-19 13:32:32,888 epoch 44 - iter 175/250 - loss 2.27668474 - samples/sec: 232.94 - lr: 0.012500
2020-11-19 13:32:36,107 epoch 44 - iter 200/250 - loss 2.27613509 - samples/sec: 248.49 - lr: 0.012500
2020-11-19 13:32:39,417 epoch 44 - iter 225/250 - loss 2.26785032 - samples/sec: 241.81 - lr: 0.012500
2020-11-19 13:32:42,657 epoch 44 - iter 250/250 - loss 2.25847086 - samples/sec: 246.96 - lr: 0.012500
2020-11-19 13:32:42,657 ----------------------------------------------------------------------------------------------------
2020-11-19 13:32:42,658 EPOCH 44 done: loss 2.2585 - lr 0.0125000
2020-11-19 13:32:48,739 DEV : loss 1.7597246170043945 - score 0.9766
2020-11-19 13:32:48,810 BAD EPOCHS (no improvement): 0
2020-11-19 13:32:52,124 ----------------------------------------------------------------------------------------------------
2020-11-19 13:32:55,507 epoch 45 - iter 25/250 - loss 2.18058346 - samples/sec: 236.54 - lr: 0.012500
2020-11-19 13:32:58,729 epoch 45 - iter 50/250 - loss 2.25800023 - samples/sec: 248.31 - lr: 0.012500
2020-11-19 13:33:01,993 epoch 45 - iter 75/250 - loss 2.20708466 - samples/sec: 245.38 - lr: 0.012500
2020-11-19 13:33:05,686 epoch 45 - iter 100/250 - loss 2.22322795 - samples/sec: 216.61 - lr: 0.012500
2020-11-19 13:33:09,433 epoch 45 - iter 125/250 - loss 2.27762485 - samples/sec: 213.61 - lr: 0.012500
2020-11-19 13:33:12,853 epoch 45 - iter 150/250 - loss 2.24569183 - samples/sec: 234.01 - lr: 0.012500
2020-11-19 13:33:16,191 epoch 45 - iter 175/250 - loss 2.24541373 - samples/sec: 239.80 - lr: 0.012500
2020-11-19 13:33:19,496 epoch 45 - iter 200/250 - loss 2.25760632 - samples/sec: 242.25 - lr: 0.012500
2020-11-19 13:33:22,777 epoch 45 - iter 225/250 - loss 2.25495414 - samples/sec: 243.93 - lr: 0.012500
2020-11-19 13:33:26,279 epoch 45 - iter 250/250 - loss 2.25701729 - samples/sec: 228.57 - lr: 0.012500
2020-11-19 13:33:26,280 ----------------------------------------------------------------------------------------------------
2020-11-19 13:33:26,281 EPOCH 45 done: loss 2.2570 - lr 0.0125000
2020-11-19 13:33:32,398 DEV : loss 1.716670274734497 - score 0.9772
2020-11-19 13:33:32,469 BAD EPOCHS (no improvement): 0
2020-11-19 13:33:35,098 ----------------------------------------------------------------------------------------------------
2020-11-19 13:33:38,861 epoch 46 - iter 25/250 - loss 2.32543975 - samples/sec: 212.74 - lr: 0.012500
2020-11-19 13:33:42,218 epoch 46 - iter 50/250 - loss 2.27950648 - samples/sec: 238.39 - lr: 0.012500
2020-11-19 13:33:45,478 epoch 46 - iter 75/250 - loss 2.26041242 - samples/sec: 245.57 - lr: 0.012500
2020-11-19 13:33:48,859 epoch 46 - iter 100/250 - loss 2.28558150 - samples/sec: 236.67 - lr: 0.012500
2020-11-19 13:33:52,354 epoch 46 - iter 125/250 - loss 2.25652899 - samples/sec: 228.96 - lr: 0.012500
2020-11-19 13:33:56,013 epoch 46 - iter 150/250 - loss 2.25834321 - samples/sec: 218.74 - lr: 0.012500
2020-11-19 13:33:59,361 epoch 46 - iter 175/250 - loss 2.26516280 - samples/sec: 239.21 - lr: 0.012500
2020-11-19 13:34:03,081 epoch 46 - iter 200/250 - loss 2.28421938 - samples/sec: 215.07 - lr: 0.012500
2020-11-19 13:34:06,628 epoch 46 - iter 225/250 - loss 2.28064947 - samples/sec: 225.63 - lr: 0.012500
2020-11-19 13:34:10,055 epoch 46 - iter 250/250 - loss 2.27709744 - samples/sec: 233.50 - lr: 0.012500
2020-11-19 13:34:10,056 ----------------------------------------------------------------------------------------------------
2020-11-19 13:34:10,057 EPOCH 46 done: loss 2.2771 - lr 0.0125000
2020-11-19 13:34:16,559 DEV : loss 1.7236261367797852 - score 0.9768
2020-11-19 13:34:16,630 BAD EPOCHS (no improvement): 1
2020-11-19 13:34:16,631 ----------------------------------------------------------------------------------------------------
2020-11-19 13:34:19,966 epoch 47 - iter 25/250 - loss 2.08535287 - samples/sec: 239.98 - lr: 0.012500
2020-11-19 13:34:23,410 epoch 47 - iter 50/250 - loss 2.15345467 - samples/sec: 232.38 - lr: 0.012500
2020-11-19 13:34:26,645 epoch 47 - iter 75/250 - loss 2.18412424 - samples/sec: 247.37 - lr: 0.012500
2020-11-19 13:34:30,243 epoch 47 - iter 100/250 - loss 2.23143473 - samples/sec: 222.40 - lr: 0.012500
2020-11-19 13:34:33,719 epoch 47 - iter 125/250 - loss 2.25954507 - samples/sec: 230.22 - lr: 0.012500
2020-11-19 13:34:36,936 epoch 47 - iter 150/250 - loss 2.24215272 - samples/sec: 248.79 - lr: 0.012500
2020-11-19 13:34:40,335 epoch 47 - iter 175/250 - loss 2.27901856 - samples/sec: 235.33 - lr: 0.012500
2020-11-19 13:34:44,029 epoch 47 - iter 200/250 - loss 2.25765563 - samples/sec: 216.67 - lr: 0.012500
2020-11-19 13:34:47,366 epoch 47 - iter 225/250 - loss 2.26047986 - samples/sec: 239.81 - lr: 0.012500
2020-11-19 13:34:50,693 epoch 47 - iter 250/250 - loss 2.27485385 - samples/sec: 240.43 - lr: 0.012500
2020-11-19 13:34:50,694 ----------------------------------------------------------------------------------------------------
2020-11-19 13:34:50,694 EPOCH 47 done: loss 2.2749 - lr 0.0125000
2020-11-19 13:34:56,808 DEV : loss 1.7450227737426758 - score 0.9767
2020-11-19 13:34:56,887 BAD EPOCHS (no improvement): 2
2020-11-19 13:34:56,888 ----------------------------------------------------------------------------------------------------
2020-11-19 13:35:00,091 epoch 48 - iter 25/250 - loss 2.14108034 - samples/sec: 249.94 - lr: 0.012500
2020-11-19 13:35:03,799 epoch 48 - iter 50/250 - loss 2.20406449 - samples/sec: 215.77 - lr: 0.012500
2020-11-19 13:35:07,452 epoch 48 - iter 75/250 - loss 2.16853093 - samples/sec: 219.18 - lr: 0.012500
2020-11-19 13:35:10,827 epoch 48 - iter 100/250 - loss 2.21162171 - samples/sec: 237.14 - lr: 0.012500
2020-11-19 13:35:14,217 epoch 48 - iter 125/250 - loss 2.22486587 - samples/sec: 236.18 - lr: 0.012500
2020-11-19 13:35:17,407 epoch 48 - iter 150/250 - loss 2.21082059 - samples/sec: 250.95 - lr: 0.012500
2020-11-19 13:35:21,140 epoch 48 - iter 175/250 - loss 2.23290862 - samples/sec: 214.28 - lr: 0.012500
2020-11-19 13:35:24,440 epoch 48 - iter 200/250 - loss 2.23377006 - samples/sec: 242.74 - lr: 0.012500
2020-11-19 13:35:27,565 epoch 48 - iter 225/250 - loss 2.24323627 - samples/sec: 256.28 - lr: 0.012500
2020-11-19 13:35:30,953 epoch 48 - iter 250/250 - loss 2.25286505 - samples/sec: 236.23 - lr: 0.012500
2020-11-19 13:35:30,954 ----------------------------------------------------------------------------------------------------
2020-11-19 13:35:30,955 EPOCH 48 done: loss 2.2529 - lr 0.0125000
2020-11-19 13:35:37,024 DEV : loss 1.7320207357406616 - score 0.9767
2020-11-19 13:35:37,094 BAD EPOCHS (no improvement): 3
2020-11-19 13:35:37,095 ----------------------------------------------------------------------------------------------------
2020-11-19 13:35:40,630 epoch 49 - iter 25/250 - loss 2.32460205 - samples/sec: 226.36 - lr: 0.012500
2020-11-19 13:35:43,979 epoch 49 - iter 50/250 - loss 2.25658003 - samples/sec: 238.95 - lr: 0.012500
2020-11-19 13:35:47,240 epoch 49 - iter 75/250 - loss 2.29630350 - samples/sec: 245.39 - lr: 0.012500
2020-11-19 13:35:50,654 epoch 49 - iter 100/250 - loss 2.30534543 - samples/sec: 234.38 - lr: 0.012500
2020-11-19 13:35:54,082 epoch 49 - iter 125/250 - loss 2.26290177 - samples/sec: 233.50 - lr: 0.012500
2020-11-19 13:35:57,399 epoch 49 - iter 150/250 - loss 2.28290943 - samples/sec: 241.30 - lr: 0.012500
2020-11-19 13:36:00,982 epoch 49 - iter 175/250 - loss 2.26302143 - samples/sec: 223.32 - lr: 0.012500
2020-11-19 13:36:04,255 epoch 49 - iter 200/250 - loss 2.25222744 - samples/sec: 244.50 - lr: 0.012500
2020-11-19 13:36:07,706 epoch 49 - iter 225/250 - loss 2.25705798 - samples/sec: 232.02 - lr: 0.012500
2020-11-19 13:36:10,943 epoch 49 - iter 250/250 - loss 2.24752660 - samples/sec: 247.22 - lr: 0.012500
2020-11-19 13:36:10,944 ----------------------------------------------------------------------------------------------------
2020-11-19 13:36:10,944 EPOCH 49 done: loss 2.2475 - lr 0.0125000
2020-11-19 13:36:16,963 DEV : loss 1.7665481567382812 - score 0.9764
2020-11-19 13:36:17,036 BAD EPOCHS (no improvement): 4
2020-11-19 13:36:17,037 ----------------------------------------------------------------------------------------------------
2020-11-19 13:36:20,622 epoch 50 - iter 25/250 - loss 2.14122525 - samples/sec: 223.23 - lr: 0.006250
2020-11-19 13:36:24,300 epoch 50 - iter 50/250 - loss 2.19810162 - samples/sec: 217.57 - lr: 0.006250
2020-11-19 13:36:27,982 epoch 50 - iter 75/250 - loss 2.15626648 - samples/sec: 217.32 - lr: 0.006250
2020-11-19 13:36:31,030 epoch 50 - iter 100/250 - loss 2.18357314 - samples/sec: 262.47 - lr: 0.006250
2020-11-19 13:36:34,269 epoch 50 - iter 125/250 - loss 2.18735705 - samples/sec: 247.14 - lr: 0.006250
2020-11-19 13:36:37,560 epoch 50 - iter 150/250 - loss 2.20025624 - samples/sec: 243.19 - lr: 0.006250
2020-11-19 13:36:40,807 epoch 50 - iter 175/250 - loss 2.18765085 - samples/sec: 246.52 - lr: 0.006250
2020-11-19 13:36:44,305 epoch 50 - iter 200/250 - loss 2.19076456 - samples/sec: 228.80 - lr: 0.006250
2020-11-19 13:36:47,934 epoch 50 - iter 225/250 - loss 2.23527205 - samples/sec: 220.62 - lr: 0.006250
2020-11-19 13:36:51,358 epoch 50 - iter 250/250 - loss 2.23362737 - samples/sec: 233.85 - lr: 0.006250
2020-11-19 13:36:51,359 ----------------------------------------------------------------------------------------------------
2020-11-19 13:36:51,360 EPOCH 50 done: loss 2.2336 - lr 0.0062500
2020-11-19 13:36:57,630 DEV : loss 1.7413901090621948 - score 0.9769
2020-11-19 13:36:57,701 BAD EPOCHS (no improvement): 1
2020-11-19 13:37:01,004 ----------------------------------------------------------------------------------------------------
2020-11-19 13:37:01,005 Testing using best model ...
2020-11-19 13:37:01,006 loading file resources\taggers\example-pos\best-model.pt
2020-11-19 13:37:05,227 	0.9733
2020-11-19 13:37:05,228 
Results:
- F-score (micro): 0.9733
- F-score (macro): 0.7962
- Accuracy (incl. no class): 0.9733

By class:
              precision    recall  f1-score   support

           O     0.9856    0.9883    0.9870     32120
           B     0.8432    0.8508    0.8469      2218
           I     0.6481    0.4850    0.5548       433

    accuracy                         0.9733     34771
   macro avg     0.8256    0.7747    0.7962     34771
weighted avg     0.9723    0.9733    0.9726     34771

2020-11-19 13:37:05,229 ----------------------------------------------------------------------------------------------------
